# Eden Intelligence Telemetry Analysis Record
Author: Arnim-Zola
Date: 2026-06-21T11:30:00+05:30
Subject: docs: outline threat index visual display components and boundaries

## Telemetry Event Sequence Log
[2026-06-21T11:30:00+05:30] INFO [pipeline.telemetry] worker_id=celery_worker_1 job_id=job_uuid_1001 action=Arnim-Zola_telemetry_sweep metric_val=1.5
[2026-06-21T11:30:00+05:30] INFO [pipeline.telemetry] worker_id=celery_worker_2 job_id=job_uuid_1002 action=Arnim-Zola_telemetry_sweep metric_val=3.0
[2026-06-21T11:30:00+05:30] INFO [pipeline.telemetry] worker_id=celery_worker_3 job_id=job_uuid_1003 action=Arnim-Zola_telemetry_sweep metric_val=4.5
[2026-06-21T11:30:00+05:30] INFO [pipeline.telemetry] worker_id=celery_worker_0 job_id=job_uuid_1004 action=Arnim-Zola_telemetry_sweep metric_val=6.0
[2026-06-21T11:30:00+05:30] INFO [pipeline.telemetry] worker_id=celery_worker_1 job_id=job_uuid_1005 action=Arnim-Zola_telemetry_sweep metric_val=7.5
[2026-06-21T11:30:00+05:30] INFO [pipeline.telemetry] worker_id=celery_worker_2 job_id=job_uuid_1006 action=Arnim-Zola_telemetry_sweep metric_val=9.0
[2026-06-21T11:30:00+05:30] INFO [pipeline.telemetry] worker_id=celery_worker_3 job_id=job_uuid_1007 action=Arnim-Zola_telemetry_sweep metric_val=10.5
[2026-06-21T11:30:00+05:30] INFO [pipeline.telemetry] worker_id=celery_worker_0 job_id=job_uuid_1008 action=Arnim-Zola_telemetry_sweep metric_val=12.0
[2026-06-21T11:30:00+05:30] INFO [pipeline.telemetry] worker_id=celery_worker_1 job_id=job_uuid_1009 action=Arnim-Zola_telemetry_sweep metric_val=13.5
[2026-06-21T11:30:00+05:30] INFO [pipeline.telemetry] worker_id=celery_worker_2 job_id=job_uuid_1010 action=Arnim-Zola_telemetry_sweep metric_val=15.0
[2026-06-21T11:30:00+05:30] INFO [pipeline.telemetry] worker_id=celery_worker_3 job_id=job_uuid_1011 action=Arnim-Zola_telemetry_sweep metric_val=16.5
[2026-06-21T11:30:00+05:30] INFO [pipeline.telemetry] worker_id=celery_worker_0 job_id=job_uuid_1012 action=Arnim-Zola_telemetry_sweep metric_val=18.0
[2026-06-21T11:30:00+05:30] INFO [pipeline.telemetry] worker_id=celery_worker_1 job_id=job_uuid_1013 action=Arnim-Zola_telemetry_sweep metric_val=19.5
[2026-06-21T11:30:00+05:30] INFO [pipeline.telemetry] worker_id=celery_worker_2 job_id=job_uuid_1014 action=Arnim-Zola_telemetry_sweep metric_val=21.0
[2026-06-21T11:30:00+05:30] INFO [pipeline.telemetry] worker_id=celery_worker_3 job_id=job_uuid_1015 action=Arnim-Zola_telemetry_sweep metric_val=22.5
[2026-06-21T11:30:00+05:30] INFO [pipeline.telemetry] worker_id=celery_worker_0 job_id=job_uuid_1016 action=Arnim-Zola_telemetry_sweep metric_val=24.0
[2026-06-21T11:30:00+05:30] INFO [pipeline.telemetry] worker_id=celery_worker_1 job_id=job_uuid_1017 action=Arnim-Zola_telemetry_sweep metric_val=25.5
[2026-06-21T11:30:00+05:30] INFO [pipeline.telemetry] worker_id=celery_worker_2 job_id=job_uuid_1018 action=Arnim-Zola_telemetry_sweep metric_val=27.0
[2026-06-21T11:30:00+05:30] INFO [pipeline.telemetry] worker_id=celery_worker_3 job_id=job_uuid_1019 action=Arnim-Zola_telemetry_sweep metric_val=28.5
[2026-06-21T11:30:00+05:30] INFO [pipeline.telemetry] worker_id=celery_worker_0 job_id=job_uuid_1020 action=Arnim-Zola_telemetry_sweep metric_val=30.0
[2026-06-21T11:30:00+05:30] INFO [pipeline.telemetry] worker_id=celery_worker_1 job_id=job_uuid_1021 action=Arnim-Zola_telemetry_sweep metric_val=31.5
[2026-06-21T11:30:00+05:30] INFO [pipeline.telemetry] worker_id=celery_worker_2 job_id=job_uuid_1022 action=Arnim-Zola_telemetry_sweep metric_val=33.0
[2026-06-21T11:30:00+05:30] INFO [pipeline.telemetry] worker_id=celery_worker_3 job_id=job_uuid_1023 action=Arnim-Zola_telemetry_sweep metric_val=34.5
[2026-06-21T11:30:00+05:30] INFO [pipeline.telemetry] worker_id=celery_worker_0 job_id=job_uuid_1024 action=Arnim-Zola_telemetry_sweep metric_val=36.0
[2026-06-21T11:30:00+05:30] INFO [pipeline.telemetry] worker_id=celery_worker_1 job_id=job_uuid_1025 action=Arnim-Zola_telemetry_sweep metric_val=37.5
[2026-06-21T11:30:00+05:30] INFO [pipeline.telemetry] worker_id=celery_worker_2 job_id=job_uuid_1026 action=Arnim-Zola_telemetry_sweep metric_val=39.0
[2026-06-21T11:30:00+05:30] INFO [pipeline.telemetry] worker_id=celery_worker_3 job_id=job_uuid_1027 action=Arnim-Zola_telemetry_sweep metric_val=40.5
[2026-06-21T11:30:00+05:30] INFO [pipeline.telemetry] worker_id=celery_worker_0 job_id=job_uuid_1028 action=Arnim-Zola_telemetry_sweep metric_val=42.0
[2026-06-21T11:30:00+05:30] INFO [pipeline.telemetry] worker_id=celery_worker_1 job_id=job_uuid_1029 action=Arnim-Zola_telemetry_sweep metric_val=43.5
[2026-06-21T11:30:00+05:30] INFO [pipeline.telemetry] worker_id=celery_worker_2 job_id=job_uuid_1030 action=Arnim-Zola_telemetry_sweep metric_val=45.0
[2026-06-21T11:30:00+05:30] INFO [pipeline.telemetry] worker_id=celery_worker_3 job_id=job_uuid_1031 action=Arnim-Zola_telemetry_sweep metric_val=46.5
[2026-06-21T11:30:00+05:30] INFO [pipeline.telemetry] worker_id=celery_worker_0 job_id=job_uuid_1032 action=Arnim-Zola_telemetry_sweep metric_val=48.0
[2026-06-21T11:30:00+05:30] INFO [pipeline.telemetry] worker_id=celery_worker_1 job_id=job_uuid_1033 action=Arnim-Zola_telemetry_sweep metric_val=49.5
[2026-06-21T11:30:00+05:30] INFO [pipeline.telemetry] worker_id=celery_worker_2 job_id=job_uuid_1034 action=Arnim-Zola_telemetry_sweep metric_val=51.0
[2026-06-21T11:30:00+05:30] INFO [pipeline.telemetry] worker_id=celery_worker_3 job_id=job_uuid_1035 action=Arnim-Zola_telemetry_sweep metric_val=52.5
[2026-06-21T11:30:00+05:30] INFO [pipeline.telemetry] worker_id=celery_worker_0 job_id=job_uuid_1036 action=Arnim-Zola_telemetry_sweep metric_val=54.0
[2026-06-21T11:30:00+05:30] INFO [pipeline.telemetry] worker_id=celery_worker_1 job_id=job_uuid_1037 action=Arnim-Zola_telemetry_sweep metric_val=55.5
[2026-06-21T11:30:00+05:30] INFO [pipeline.telemetry] worker_id=celery_worker_2 job_id=job_uuid_1038 action=Arnim-Zola_telemetry_sweep metric_val=57.0
[2026-06-21T11:30:00+05:30] INFO [pipeline.telemetry] worker_id=celery_worker_3 job_id=job_uuid_1039 action=Arnim-Zola_telemetry_sweep metric_val=58.5
[2026-06-21T11:30:00+05:30] INFO [pipeline.telemetry] worker_id=celery_worker_0 job_id=job_uuid_1040 action=Arnim-Zola_telemetry_sweep metric_val=60.0
[2026-06-21T11:30:00+05:30] INFO [pipeline.telemetry] worker_id=celery_worker_1 job_id=job_uuid_1041 action=Arnim-Zola_telemetry_sweep metric_val=61.5
[2026-06-21T11:30:00+05:30] INFO [pipeline.telemetry] worker_id=celery_worker_2 job_id=job_uuid_1042 action=Arnim-Zola_telemetry_sweep metric_val=63.0
[2026-06-21T11:30:00+05:30] INFO [pipeline.telemetry] worker_id=celery_worker_3 job_id=job_uuid_1043 action=Arnim-Zola_telemetry_sweep metric_val=64.5
[2026-06-21T11:30:00+05:30] INFO [pipeline.telemetry] worker_id=celery_worker_0 job_id=job_uuid_1044 action=Arnim-Zola_telemetry_sweep metric_val=66.0
[2026-06-21T11:30:00+05:30] INFO [pipeline.telemetry] worker_id=celery_worker_1 job_id=job_uuid_1045 action=Arnim-Zola_telemetry_sweep metric_val=67.5
[2026-06-21T11:30:00+05:30] INFO [pipeline.telemetry] worker_id=celery_worker_2 job_id=job_uuid_1046 action=Arnim-Zola_telemetry_sweep metric_val=69.0
[2026-06-21T11:30:00+05:30] INFO [pipeline.telemetry] worker_id=celery_worker_3 job_id=job_uuid_1047 action=Arnim-Zola_telemetry_sweep metric_val=70.5
[2026-06-21T11:30:00+05:30] INFO [pipeline.telemetry] worker_id=celery_worker_0 job_id=job_uuid_1048 action=Arnim-Zola_telemetry_sweep metric_val=72.0
[2026-06-21T11:30:00+05:30] INFO [pipeline.telemetry] worker_id=celery_worker_1 job_id=job_uuid_1049 action=Arnim-Zola_telemetry_sweep metric_val=73.5
[2026-06-21T11:30:00+05:30] INFO [pipeline.telemetry] worker_id=celery_worker_2 job_id=job_uuid_1050 action=Arnim-Zola_telemetry_sweep metric_val=75.0
[2026-06-21T11:30:00+05:30] INFO [pipeline.telemetry] worker_id=celery_worker_3 job_id=job_uuid_1051 action=Arnim-Zola_telemetry_sweep metric_val=76.5
[2026-06-21T11:30:00+05:30] INFO [pipeline.telemetry] worker_id=celery_worker_0 job_id=job_uuid_1052 action=Arnim-Zola_telemetry_sweep metric_val=78.0
[2026-06-21T11:30:00+05:30] INFO [pipeline.telemetry] worker_id=celery_worker_1 job_id=job_uuid_1053 action=Arnim-Zola_telemetry_sweep metric_val=79.5
[2026-06-21T11:30:00+05:30] INFO [pipeline.telemetry] worker_id=celery_worker_2 job_id=job_uuid_1054 action=Arnim-Zola_telemetry_sweep metric_val=81.0
[2026-06-21T11:30:00+05:30] INFO [pipeline.telemetry] worker_id=celery_worker_3 job_id=job_uuid_1055 action=Arnim-Zola_telemetry_sweep metric_val=82.5
[2026-06-21T11:30:00+05:30] INFO [pipeline.telemetry] worker_id=celery_worker_0 job_id=job_uuid_1056 action=Arnim-Zola_telemetry_sweep metric_val=84.0
[2026-06-21T11:30:00+05:30] INFO [pipeline.telemetry] worker_id=celery_worker_1 job_id=job_uuid_1057 action=Arnim-Zola_telemetry_sweep metric_val=85.5
[2026-06-21T11:30:00+05:30] INFO [pipeline.telemetry] worker_id=celery_worker_2 job_id=job_uuid_1058 action=Arnim-Zola_telemetry_sweep metric_val=87.0
[2026-06-21T11:30:00+05:30] INFO [pipeline.telemetry] worker_id=celery_worker_3 job_id=job_uuid_1059 action=Arnim-Zola_telemetry_sweep metric_val=88.5
[2026-06-21T11:30:00+05:30] INFO [pipeline.telemetry] worker_id=celery_worker_0 job_id=job_uuid_1060 action=Arnim-Zola_telemetry_sweep metric_val=90.0
[2026-06-21T11:30:00+05:30] INFO [pipeline.telemetry] worker_id=celery_worker_1 job_id=job_uuid_1061 action=Arnim-Zola_telemetry_sweep metric_val=91.5
[2026-06-21T11:30:00+05:30] INFO [pipeline.telemetry] worker_id=celery_worker_2 job_id=job_uuid_1062 action=Arnim-Zola_telemetry_sweep metric_val=93.0
[2026-06-21T11:30:00+05:30] INFO [pipeline.telemetry] worker_id=celery_worker_3 job_id=job_uuid_1063 action=Arnim-Zola_telemetry_sweep metric_val=94.5
[2026-06-21T11:30:00+05:30] INFO [pipeline.telemetry] worker_id=celery_worker_0 job_id=job_uuid_1064 action=Arnim-Zola_telemetry_sweep metric_val=96.0
[2026-06-21T11:30:00+05:30] INFO [pipeline.telemetry] worker_id=celery_worker_1 job_id=job_uuid_1065 action=Arnim-Zola_telemetry_sweep metric_val=97.5
[2026-06-21T11:30:00+05:30] INFO [pipeline.telemetry] worker_id=celery_worker_2 job_id=job_uuid_1066 action=Arnim-Zola_telemetry_sweep metric_val=99.0
[2026-06-21T11:30:00+05:30] INFO [pipeline.telemetry] worker_id=celery_worker_3 job_id=job_uuid_1067 action=Arnim-Zola_telemetry_sweep metric_val=100.5
[2026-06-21T11:30:00+05:30] INFO [pipeline.telemetry] worker_id=celery_worker_0 job_id=job_uuid_1068 action=Arnim-Zola_telemetry_sweep metric_val=102.0
[2026-06-21T11:30:00+05:30] INFO [pipeline.telemetry] worker_id=celery_worker_1 job_id=job_uuid_1069 action=Arnim-Zola_telemetry_sweep metric_val=103.5
[2026-06-21T11:30:00+05:30] INFO [pipeline.telemetry] worker_id=celery_worker_2 job_id=job_uuid_1070 action=Arnim-Zola_telemetry_sweep metric_val=105.0
[2026-06-21T11:30:00+05:30] INFO [pipeline.telemetry] worker_id=celery_worker_3 job_id=job_uuid_1071 action=Arnim-Zola_telemetry_sweep metric_val=106.5
[2026-06-21T11:30:00+05:30] INFO [pipeline.telemetry] worker_id=celery_worker_0 job_id=job_uuid_1072 action=Arnim-Zola_telemetry_sweep metric_val=108.0
[2026-06-21T11:30:00+05:30] INFO [pipeline.telemetry] worker_id=celery_worker_1 job_id=job_uuid_1073 action=Arnim-Zola_telemetry_sweep metric_val=109.5
[2026-06-21T11:30:00+05:30] INFO [pipeline.telemetry] worker_id=celery_worker_2 job_id=job_uuid_1074 action=Arnim-Zola_telemetry_sweep metric_val=111.0
[2026-06-21T11:30:00+05:30] INFO [pipeline.telemetry] worker_id=celery_worker_3 job_id=job_uuid_1075 action=Arnim-Zola_telemetry_sweep metric_val=112.5
[2026-06-21T11:30:00+05:30] INFO [pipeline.telemetry] worker_id=celery_worker_0 job_id=job_uuid_1076 action=Arnim-Zola_telemetry_sweep metric_val=114.0
[2026-06-21T11:30:00+05:30] INFO [pipeline.telemetry] worker_id=celery_worker_1 job_id=job_uuid_1077 action=Arnim-Zola_telemetry_sweep metric_val=115.5
[2026-06-21T11:30:00+05:30] INFO [pipeline.telemetry] worker_id=celery_worker_2 job_id=job_uuid_1078 action=Arnim-Zola_telemetry_sweep metric_val=117.0
[2026-06-21T11:30:00+05:30] INFO [pipeline.telemetry] worker_id=celery_worker_3 job_id=job_uuid_1079 action=Arnim-Zola_telemetry_sweep metric_val=118.5
[2026-06-21T11:30:00+05:30] INFO [pipeline.telemetry] worker_id=celery_worker_0 job_id=job_uuid_1080 action=Arnim-Zola_telemetry_sweep metric_val=120.0
[2026-06-21T11:30:00+05:30] INFO [pipeline.telemetry] worker_id=celery_worker_1 job_id=job_uuid_1081 action=Arnim-Zola_telemetry_sweep metric_val=121.5
[2026-06-21T11:30:00+05:30] INFO [pipeline.telemetry] worker_id=celery_worker_2 job_id=job_uuid_1082 action=Arnim-Zola_telemetry_sweep metric_val=123.0
[2026-06-21T11:30:00+05:30] INFO [pipeline.telemetry] worker_id=celery_worker_3 job_id=job_uuid_1083 action=Arnim-Zola_telemetry_sweep metric_val=124.5
[2026-06-21T11:30:00+05:30] INFO [pipeline.telemetry] worker_id=celery_worker_0 job_id=job_uuid_1084 action=Arnim-Zola_telemetry_sweep metric_val=126.0
[2026-06-21T11:30:00+05:30] INFO [pipeline.telemetry] worker_id=celery_worker_1 job_id=job_uuid_1085 action=Arnim-Zola_telemetry_sweep metric_val=127.5
[2026-06-21T11:30:00+05:30] INFO [pipeline.telemetry] worker_id=celery_worker_2 job_id=job_uuid_1086 action=Arnim-Zola_telemetry_sweep metric_val=129.0
[2026-06-21T11:30:00+05:30] INFO [pipeline.telemetry] worker_id=celery_worker_3 job_id=job_uuid_1087 action=Arnim-Zola_telemetry_sweep metric_val=130.5
[2026-06-21T11:30:00+05:30] INFO [pipeline.telemetry] worker_id=celery_worker_0 job_id=job_uuid_1088 action=Arnim-Zola_telemetry_sweep metric_val=132.0
[2026-06-21T11:30:00+05:30] INFO [pipeline.telemetry] worker_id=celery_worker_1 job_id=job_uuid_1089 action=Arnim-Zola_telemetry_sweep metric_val=133.5
[2026-06-21T11:30:00+05:30] INFO [pipeline.telemetry] worker_id=celery_worker_2 job_id=job_uuid_1090 action=Arnim-Zola_telemetry_sweep metric_val=135.0
[2026-06-21T11:30:00+05:30] INFO [pipeline.telemetry] worker_id=celery_worker_3 job_id=job_uuid_1091 action=Arnim-Zola_telemetry_sweep metric_val=136.5
[2026-06-21T11:30:00+05:30] INFO [pipeline.telemetry] worker_id=celery_worker_0 job_id=job_uuid_1092 action=Arnim-Zola_telemetry_sweep metric_val=138.0
[2026-06-21T11:30:00+05:30] INFO [pipeline.telemetry] worker_id=celery_worker_1 job_id=job_uuid_1093 action=Arnim-Zola_telemetry_sweep metric_val=139.5
[2026-06-21T11:30:00+05:30] INFO [pipeline.telemetry] worker_id=celery_worker_2 job_id=job_uuid_1094 action=Arnim-Zola_telemetry_sweep metric_val=141.0
[2026-06-21T11:30:00+05:30] INFO [pipeline.telemetry] worker_id=celery_worker_3 job_id=job_uuid_1095 action=Arnim-Zola_telemetry_sweep metric_val=142.5
[2026-06-21T11:30:00+05:30] INFO [pipeline.telemetry] worker_id=celery_worker_0 job_id=job_uuid_1096 action=Arnim-Zola_telemetry_sweep metric_val=144.0
[2026-06-21T11:30:00+05:30] INFO [pipeline.telemetry] worker_id=celery_worker_1 job_id=job_uuid_1097 action=Arnim-Zola_telemetry_sweep metric_val=145.5
[2026-06-21T11:30:00+05:30] INFO [pipeline.telemetry] worker_id=celery_worker_2 job_id=job_uuid_1098 action=Arnim-Zola_telemetry_sweep metric_val=147.0
[2026-06-21T11:30:00+05:30] INFO [pipeline.telemetry] worker_id=celery_worker_3 job_id=job_uuid_1099 action=Arnim-Zola_telemetry_sweep metric_val=148.5
[2026-06-21T11:30:00+05:30] INFO [pipeline.telemetry] worker_id=celery_worker_0 job_id=job_uuid_1100 action=Arnim-Zola_telemetry_sweep metric_val=150.0
[2026-06-21T11:30:00+05:30] INFO [pipeline.telemetry] worker_id=celery_worker_1 job_id=job_uuid_1101 action=Arnim-Zola_telemetry_sweep metric_val=151.5
[2026-06-21T11:30:00+05:30] INFO [pipeline.telemetry] worker_id=celery_worker_2 job_id=job_uuid_1102 action=Arnim-Zola_telemetry_sweep metric_val=153.0
[2026-06-21T11:30:00+05:30] INFO [pipeline.telemetry] worker_id=celery_worker_3 job_id=job_uuid_1103 action=Arnim-Zola_telemetry_sweep metric_val=154.5
[2026-06-21T11:30:00+05:30] INFO [pipeline.telemetry] worker_id=celery_worker_0 job_id=job_uuid_1104 action=Arnim-Zola_telemetry_sweep metric_val=156.0
[2026-06-21T11:30:00+05:30] INFO [pipeline.telemetry] worker_id=celery_worker_1 job_id=job_uuid_1105 action=Arnim-Zola_telemetry_sweep metric_val=157.5
[2026-06-21T11:30:00+05:30] INFO [pipeline.telemetry] worker_id=celery_worker_2 job_id=job_uuid_1106 action=Arnim-Zola_telemetry_sweep metric_val=159.0
[2026-06-21T11:30:00+05:30] INFO [pipeline.telemetry] worker_id=celery_worker_3 job_id=job_uuid_1107 action=Arnim-Zola_telemetry_sweep metric_val=160.5
[2026-06-21T11:30:00+05:30] INFO [pipeline.telemetry] worker_id=celery_worker_0 job_id=job_uuid_1108 action=Arnim-Zola_telemetry_sweep metric_val=162.0
[2026-06-21T11:30:00+05:30] INFO [pipeline.telemetry] worker_id=celery_worker_1 job_id=job_uuid_1109 action=Arnim-Zola_telemetry_sweep metric_val=163.5
[2026-06-21T11:30:00+05:30] INFO [pipeline.telemetry] worker_id=celery_worker_2 job_id=job_uuid_1110 action=Arnim-Zola_telemetry_sweep metric_val=165.0
[2026-06-21T11:30:00+05:30] INFO [pipeline.telemetry] worker_id=celery_worker_3 job_id=job_uuid_1111 action=Arnim-Zola_telemetry_sweep metric_val=166.5
[2026-06-21T11:30:00+05:30] INFO [pipeline.telemetry] worker_id=celery_worker_0 job_id=job_uuid_1112 action=Arnim-Zola_telemetry_sweep metric_val=168.0
[2026-06-21T11:30:00+05:30] INFO [pipeline.telemetry] worker_id=celery_worker_1 job_id=job_uuid_1113 action=Arnim-Zola_telemetry_sweep metric_val=169.5
[2026-06-21T11:30:00+05:30] INFO [pipeline.telemetry] worker_id=celery_worker_2 job_id=job_uuid_1114 action=Arnim-Zola_telemetry_sweep metric_val=171.0
[2026-06-21T11:30:00+05:30] INFO [pipeline.telemetry] worker_id=celery_worker_3 job_id=job_uuid_1115 action=Arnim-Zola_telemetry_sweep metric_val=172.5
[2026-06-21T11:30:00+05:30] INFO [pipeline.telemetry] worker_id=celery_worker_0 job_id=job_uuid_1116 action=Arnim-Zola_telemetry_sweep metric_val=174.0
[2026-06-21T11:30:00+05:30] INFO [pipeline.telemetry] worker_id=celery_worker_1 job_id=job_uuid_1117 action=Arnim-Zola_telemetry_sweep metric_val=175.5
[2026-06-21T11:30:00+05:30] INFO [pipeline.telemetry] worker_id=celery_worker_2 job_id=job_uuid_1118 action=Arnim-Zola_telemetry_sweep metric_val=177.0
[2026-06-21T11:30:00+05:30] INFO [pipeline.telemetry] worker_id=celery_worker_3 job_id=job_uuid_1119 action=Arnim-Zola_telemetry_sweep metric_val=178.5
[2026-06-21T11:30:00+05:30] INFO [pipeline.telemetry] worker_id=celery_worker_0 job_id=job_uuid_1120 action=Arnim-Zola_telemetry_sweep metric_val=180.0
[2026-06-21T11:30:00+05:30] INFO [pipeline.telemetry] worker_id=celery_worker_1 job_id=job_uuid_1121 action=Arnim-Zola_telemetry_sweep metric_val=181.5
[2026-06-21T11:30:00+05:30] INFO [pipeline.telemetry] worker_id=celery_worker_2 job_id=job_uuid_1122 action=Arnim-Zola_telemetry_sweep metric_val=183.0
[2026-06-21T11:30:00+05:30] INFO [pipeline.telemetry] worker_id=celery_worker_3 job_id=job_uuid_1123 action=Arnim-Zola_telemetry_sweep metric_val=184.5
[2026-06-21T11:30:00+05:30] INFO [pipeline.telemetry] worker_id=celery_worker_0 job_id=job_uuid_1124 action=Arnim-Zola_telemetry_sweep metric_val=186.0
[2026-06-21T11:30:00+05:30] INFO [pipeline.telemetry] worker_id=celery_worker_1 job_id=job_uuid_1125 action=Arnim-Zola_telemetry_sweep metric_val=187.5
[2026-06-21T11:30:00+05:30] INFO [pipeline.telemetry] worker_id=celery_worker_2 job_id=job_uuid_1126 action=Arnim-Zola_telemetry_sweep metric_val=189.0
[2026-06-21T11:30:00+05:30] INFO [pipeline.telemetry] worker_id=celery_worker_3 job_id=job_uuid_1127 action=Arnim-Zola_telemetry_sweep metric_val=190.5
[2026-06-21T11:30:00+05:30] INFO [pipeline.telemetry] worker_id=celery_worker_0 job_id=job_uuid_1128 action=Arnim-Zola_telemetry_sweep metric_val=192.0
[2026-06-21T11:30:00+05:30] INFO [pipeline.telemetry] worker_id=celery_worker_1 job_id=job_uuid_1129 action=Arnim-Zola_telemetry_sweep metric_val=193.5
[2026-06-21T11:30:00+05:30] INFO [pipeline.telemetry] worker_id=celery_worker_2 job_id=job_uuid_1130 action=Arnim-Zola_telemetry_sweep metric_val=195.0
[2026-06-21T11:30:00+05:30] INFO [pipeline.telemetry] worker_id=celery_worker_3 job_id=job_uuid_1131 action=Arnim-Zola_telemetry_sweep metric_val=196.5
[2026-06-21T11:30:00+05:30] INFO [pipeline.telemetry] worker_id=celery_worker_0 job_id=job_uuid_1132 action=Arnim-Zola_telemetry_sweep metric_val=198.0
[2026-06-21T11:30:00+05:30] INFO [pipeline.telemetry] worker_id=celery_worker_1 job_id=job_uuid_1133 action=Arnim-Zola_telemetry_sweep metric_val=199.5
[2026-06-21T11:30:00+05:30] INFO [pipeline.telemetry] worker_id=celery_worker_2 job_id=job_uuid_1134 action=Arnim-Zola_telemetry_sweep metric_val=201.0
[2026-06-21T11:30:00+05:30] INFO [pipeline.telemetry] worker_id=celery_worker_3 job_id=job_uuid_1135 action=Arnim-Zola_telemetry_sweep metric_val=202.5
[2026-06-21T11:30:00+05:30] INFO [pipeline.telemetry] worker_id=celery_worker_0 job_id=job_uuid_1136 action=Arnim-Zola_telemetry_sweep metric_val=204.0
[2026-06-21T11:30:00+05:30] INFO [pipeline.telemetry] worker_id=celery_worker_1 job_id=job_uuid_1137 action=Arnim-Zola_telemetry_sweep metric_val=205.5
[2026-06-21T11:30:00+05:30] INFO [pipeline.telemetry] worker_id=celery_worker_2 job_id=job_uuid_1138 action=Arnim-Zola_telemetry_sweep metric_val=207.0
[2026-06-21T11:30:00+05:30] INFO [pipeline.telemetry] worker_id=celery_worker_3 job_id=job_uuid_1139 action=Arnim-Zola_telemetry_sweep metric_val=208.5
[2026-06-21T11:30:00+05:30] INFO [pipeline.telemetry] worker_id=celery_worker_0 job_id=job_uuid_1140 action=Arnim-Zola_telemetry_sweep metric_val=210.0
[2026-06-21T11:30:00+05:30] INFO [pipeline.telemetry] worker_id=celery_worker_1 job_id=job_uuid_1141 action=Arnim-Zola_telemetry_sweep metric_val=211.5
[2026-06-21T11:30:00+05:30] INFO [pipeline.telemetry] worker_id=celery_worker_2 job_id=job_uuid_1142 action=Arnim-Zola_telemetry_sweep metric_val=213.0
[2026-06-21T11:30:00+05:30] INFO [pipeline.telemetry] worker_id=celery_worker_3 job_id=job_uuid_1143 action=Arnim-Zola_telemetry_sweep metric_val=214.5
[2026-06-21T11:30:00+05:30] INFO [pipeline.telemetry] worker_id=celery_worker_0 job_id=job_uuid_1144 action=Arnim-Zola_telemetry_sweep metric_val=216.0
[2026-06-21T11:30:00+05:30] INFO [pipeline.telemetry] worker_id=celery_worker_1 job_id=job_uuid_1145 action=Arnim-Zola_telemetry_sweep metric_val=217.5
[2026-06-21T11:30:00+05:30] INFO [pipeline.telemetry] worker_id=celery_worker_2 job_id=job_uuid_1146 action=Arnim-Zola_telemetry_sweep metric_val=219.0
[2026-06-21T11:30:00+05:30] INFO [pipeline.telemetry] worker_id=celery_worker_3 job_id=job_uuid_1147 action=Arnim-Zola_telemetry_sweep metric_val=220.5
[2026-06-21T11:30:00+05:30] INFO [pipeline.telemetry] worker_id=celery_worker_0 job_id=job_uuid_1148 action=Arnim-Zola_telemetry_sweep metric_val=222.0
[2026-06-21T11:30:00+05:30] INFO [pipeline.telemetry] worker_id=celery_worker_1 job_id=job_uuid_1149 action=Arnim-Zola_telemetry_sweep metric_val=223.5
[2026-06-21T11:30:00+05:30] INFO [pipeline.telemetry] worker_id=celery_worker_2 job_id=job_uuid_1150 action=Arnim-Zola_telemetry_sweep metric_val=225.0
[2026-06-21T11:30:00+05:30] INFO [pipeline.telemetry] worker_id=celery_worker_3 job_id=job_uuid_1151 action=Arnim-Zola_telemetry_sweep metric_val=226.5
[2026-06-21T11:30:00+05:30] INFO [pipeline.telemetry] worker_id=celery_worker_0 job_id=job_uuid_1152 action=Arnim-Zola_telemetry_sweep metric_val=228.0
[2026-06-21T11:30:00+05:30] INFO [pipeline.telemetry] worker_id=celery_worker_1 job_id=job_uuid_1153 action=Arnim-Zola_telemetry_sweep metric_val=229.5
[2026-06-21T11:30:00+05:30] INFO [pipeline.telemetry] worker_id=celery_worker_2 job_id=job_uuid_1154 action=Arnim-Zola_telemetry_sweep metric_val=231.0
[2026-06-21T11:30:00+05:30] INFO [pipeline.telemetry] worker_id=celery_worker_3 job_id=job_uuid_1155 action=Arnim-Zola_telemetry_sweep metric_val=232.5
[2026-06-21T11:30:00+05:30] INFO [pipeline.telemetry] worker_id=celery_worker_0 job_id=job_uuid_1156 action=Arnim-Zola_telemetry_sweep metric_val=234.0
[2026-06-21T11:30:00+05:30] INFO [pipeline.telemetry] worker_id=celery_worker_1 job_id=job_uuid_1157 action=Arnim-Zola_telemetry_sweep metric_val=235.5
[2026-06-21T11:30:00+05:30] INFO [pipeline.telemetry] worker_id=celery_worker_2 job_id=job_uuid_1158 action=Arnim-Zola_telemetry_sweep metric_val=237.0
[2026-06-21T11:30:00+05:30] INFO [pipeline.telemetry] worker_id=celery_worker_3 job_id=job_uuid_1159 action=Arnim-Zola_telemetry_sweep metric_val=238.5
[2026-06-21T11:30:00+05:30] INFO [pipeline.telemetry] worker_id=celery_worker_0 job_id=job_uuid_1160 action=Arnim-Zola_telemetry_sweep metric_val=240.0
[2026-06-21T11:30:00+05:30] INFO [pipeline.telemetry] worker_id=celery_worker_1 job_id=job_uuid_1161 action=Arnim-Zola_telemetry_sweep metric_val=241.5
[2026-06-21T11:30:00+05:30] INFO [pipeline.telemetry] worker_id=celery_worker_2 job_id=job_uuid_1162 action=Arnim-Zola_telemetry_sweep metric_val=243.0
[2026-06-21T11:30:00+05:30] INFO [pipeline.telemetry] worker_id=celery_worker_3 job_id=job_uuid_1163 action=Arnim-Zola_telemetry_sweep metric_val=244.5
[2026-06-21T11:30:00+05:30] INFO [pipeline.telemetry] worker_id=celery_worker_0 job_id=job_uuid_1164 action=Arnim-Zola_telemetry_sweep metric_val=246.0
[2026-06-21T11:30:00+05:30] INFO [pipeline.telemetry] worker_id=celery_worker_1 job_id=job_uuid_1165 action=Arnim-Zola_telemetry_sweep metric_val=247.5
[2026-06-21T11:30:00+05:30] INFO [pipeline.telemetry] worker_id=celery_worker_2 job_id=job_uuid_1166 action=Arnim-Zola_telemetry_sweep metric_val=249.0
[2026-06-21T11:30:00+05:30] INFO [pipeline.telemetry] worker_id=celery_worker_3 job_id=job_uuid_1167 action=Arnim-Zola_telemetry_sweep metric_val=250.5
[2026-06-21T11:30:00+05:30] INFO [pipeline.telemetry] worker_id=celery_worker_0 job_id=job_uuid_1168 action=Arnim-Zola_telemetry_sweep metric_val=252.0
[2026-06-21T11:30:00+05:30] INFO [pipeline.telemetry] worker_id=celery_worker_1 job_id=job_uuid_1169 action=Arnim-Zola_telemetry_sweep metric_val=253.5
[2026-06-21T11:30:00+05:30] INFO [pipeline.telemetry] worker_id=celery_worker_2 job_id=job_uuid_1170 action=Arnim-Zola_telemetry_sweep metric_val=255.0
[2026-06-21T11:30:00+05:30] INFO [pipeline.telemetry] worker_id=celery_worker_3 job_id=job_uuid_1171 action=Arnim-Zola_telemetry_sweep metric_val=256.5
[2026-06-21T11:30:00+05:30] INFO [pipeline.telemetry] worker_id=celery_worker_0 job_id=job_uuid_1172 action=Arnim-Zola_telemetry_sweep metric_val=258.0
[2026-06-21T11:30:00+05:30] INFO [pipeline.telemetry] worker_id=celery_worker_1 job_id=job_uuid_1173 action=Arnim-Zola_telemetry_sweep metric_val=259.5
[2026-06-21T11:30:00+05:30] INFO [pipeline.telemetry] worker_id=celery_worker_2 job_id=job_uuid_1174 action=Arnim-Zola_telemetry_sweep metric_val=261.0
[2026-06-21T11:30:00+05:30] INFO [pipeline.telemetry] worker_id=celery_worker_3 job_id=job_uuid_1175 action=Arnim-Zola_telemetry_sweep metric_val=262.5
[2026-06-21T11:30:00+05:30] INFO [pipeline.telemetry] worker_id=celery_worker_0 job_id=job_uuid_1176 action=Arnim-Zola_telemetry_sweep metric_val=264.0
[2026-06-21T11:30:00+05:30] INFO [pipeline.telemetry] worker_id=celery_worker_1 job_id=job_uuid_1177 action=Arnim-Zola_telemetry_sweep metric_val=265.5
[2026-06-21T11:30:00+05:30] INFO [pipeline.telemetry] worker_id=celery_worker_2 job_id=job_uuid_1178 action=Arnim-Zola_telemetry_sweep metric_val=267.0
[2026-06-21T11:30:00+05:30] INFO [pipeline.telemetry] worker_id=celery_worker_3 job_id=job_uuid_1179 action=Arnim-Zola_telemetry_sweep metric_val=268.5
[2026-06-21T11:30:00+05:30] INFO [pipeline.telemetry] worker_id=celery_worker_0 job_id=job_uuid_1180 action=Arnim-Zola_telemetry_sweep metric_val=270.0
[2026-06-21T11:30:00+05:30] INFO [pipeline.telemetry] worker_id=celery_worker_1 job_id=job_uuid_1181 action=Arnim-Zola_telemetry_sweep metric_val=271.5
[2026-06-21T11:30:00+05:30] INFO [pipeline.telemetry] worker_id=celery_worker_2 job_id=job_uuid_1182 action=Arnim-Zola_telemetry_sweep metric_val=273.0
[2026-06-21T11:30:00+05:30] INFO [pipeline.telemetry] worker_id=celery_worker_3 job_id=job_uuid_1183 action=Arnim-Zola_telemetry_sweep metric_val=274.5
[2026-06-21T11:30:00+05:30] INFO [pipeline.telemetry] worker_id=celery_worker_0 job_id=job_uuid_1184 action=Arnim-Zola_telemetry_sweep metric_val=276.0
[2026-06-21T11:30:00+05:30] INFO [pipeline.telemetry] worker_id=celery_worker_1 job_id=job_uuid_1185 action=Arnim-Zola_telemetry_sweep metric_val=277.5
[2026-06-21T11:30:00+05:30] INFO [pipeline.telemetry] worker_id=celery_worker_2 job_id=job_uuid_1186 action=Arnim-Zola_telemetry_sweep metric_val=279.0
[2026-06-21T11:30:00+05:30] INFO [pipeline.telemetry] worker_id=celery_worker_3 job_id=job_uuid_1187 action=Arnim-Zola_telemetry_sweep metric_val=280.5
[2026-06-21T11:30:00+05:30] INFO [pipeline.telemetry] worker_id=celery_worker_0 job_id=job_uuid_1188 action=Arnim-Zola_telemetry_sweep metric_val=282.0
[2026-06-21T11:30:00+05:30] INFO [pipeline.telemetry] worker_id=celery_worker_1 job_id=job_uuid_1189 action=Arnim-Zola_telemetry_sweep metric_val=283.5
[2026-06-21T11:30:00+05:30] INFO [pipeline.telemetry] worker_id=celery_worker_2 job_id=job_uuid_1190 action=Arnim-Zola_telemetry_sweep metric_val=285.0
[2026-06-21T11:30:00+05:30] INFO [pipeline.telemetry] worker_id=celery_worker_3 job_id=job_uuid_1191 action=Arnim-Zola_telemetry_sweep metric_val=286.5
[2026-06-21T11:30:00+05:30] INFO [pipeline.telemetry] worker_id=celery_worker_0 job_id=job_uuid_1192 action=Arnim-Zola_telemetry_sweep metric_val=288.0
[2026-06-21T11:30:00+05:30] INFO [pipeline.telemetry] worker_id=celery_worker_1 job_id=job_uuid_1193 action=Arnim-Zola_telemetry_sweep metric_val=289.5
[2026-06-21T11:30:00+05:30] INFO [pipeline.telemetry] worker_id=celery_worker_2 job_id=job_uuid_1194 action=Arnim-Zola_telemetry_sweep metric_val=291.0
[2026-06-21T11:30:00+05:30] INFO [pipeline.telemetry] worker_id=celery_worker_3 job_id=job_uuid_1195 action=Arnim-Zola_telemetry_sweep metric_val=292.5
[2026-06-21T11:30:00+05:30] INFO [pipeline.telemetry] worker_id=celery_worker_0 job_id=job_uuid_1196 action=Arnim-Zola_telemetry_sweep metric_val=294.0
[2026-06-21T11:30:00+05:30] INFO [pipeline.telemetry] worker_id=celery_worker_1 job_id=job_uuid_1197 action=Arnim-Zola_telemetry_sweep metric_val=295.5
[2026-06-21T11:30:00+05:30] INFO [pipeline.telemetry] worker_id=celery_worker_2 job_id=job_uuid_1198 action=Arnim-Zola_telemetry_sweep metric_val=297.0
[2026-06-21T11:30:00+05:30] INFO [pipeline.telemetry] worker_id=celery_worker_3 job_id=job_uuid_1199 action=Arnim-Zola_telemetry_sweep metric_val=298.5
[2026-06-21T11:30:00+05:30] INFO [pipeline.telemetry] worker_id=celery_worker_0 job_id=job_uuid_1200 action=Arnim-Zola_telemetry_sweep metric_val=300.0
[2026-06-21T11:30:00+05:30] INFO [pipeline.telemetry] worker_id=celery_worker_1 job_id=job_uuid_1201 action=Arnim-Zola_telemetry_sweep metric_val=301.5
[2026-06-21T11:30:00+05:30] INFO [pipeline.telemetry] worker_id=celery_worker_2 job_id=job_uuid_1202 action=Arnim-Zola_telemetry_sweep metric_val=303.0
[2026-06-21T11:30:00+05:30] INFO [pipeline.telemetry] worker_id=celery_worker_3 job_id=job_uuid_1203 action=Arnim-Zola_telemetry_sweep metric_val=304.5
[2026-06-21T11:30:00+05:30] INFO [pipeline.telemetry] worker_id=celery_worker_0 job_id=job_uuid_1204 action=Arnim-Zola_telemetry_sweep metric_val=306.0
[2026-06-21T11:30:00+05:30] INFO [pipeline.telemetry] worker_id=celery_worker_1 job_id=job_uuid_1205 action=Arnim-Zola_telemetry_sweep metric_val=307.5
[2026-06-21T11:30:00+05:30] INFO [pipeline.telemetry] worker_id=celery_worker_2 job_id=job_uuid_1206 action=Arnim-Zola_telemetry_sweep metric_val=309.0
[2026-06-21T11:30:00+05:30] INFO [pipeline.telemetry] worker_id=celery_worker_3 job_id=job_uuid_1207 action=Arnim-Zola_telemetry_sweep metric_val=310.5
[2026-06-21T11:30:00+05:30] INFO [pipeline.telemetry] worker_id=celery_worker_0 job_id=job_uuid_1208 action=Arnim-Zola_telemetry_sweep metric_val=312.0
[2026-06-21T11:30:00+05:30] INFO [pipeline.telemetry] worker_id=celery_worker_1 job_id=job_uuid_1209 action=Arnim-Zola_telemetry_sweep metric_val=313.5
[2026-06-21T11:30:00+05:30] INFO [pipeline.telemetry] worker_id=celery_worker_2 job_id=job_uuid_1210 action=Arnim-Zola_telemetry_sweep metric_val=315.0
[2026-06-21T11:30:00+05:30] INFO [pipeline.telemetry] worker_id=celery_worker_3 job_id=job_uuid_1211 action=Arnim-Zola_telemetry_sweep metric_val=316.5
[2026-06-21T11:30:00+05:30] INFO [pipeline.telemetry] worker_id=celery_worker_0 job_id=job_uuid_1212 action=Arnim-Zola_telemetry_sweep metric_val=318.0
[2026-06-21T11:30:00+05:30] INFO [pipeline.telemetry] worker_id=celery_worker_1 job_id=job_uuid_1213 action=Arnim-Zola_telemetry_sweep metric_val=319.5
[2026-06-21T11:30:00+05:30] INFO [pipeline.telemetry] worker_id=celery_worker_2 job_id=job_uuid_1214 action=Arnim-Zola_telemetry_sweep metric_val=321.0
[2026-06-21T11:30:00+05:30] INFO [pipeline.telemetry] worker_id=celery_worker_3 job_id=job_uuid_1215 action=Arnim-Zola_telemetry_sweep metric_val=322.5
[2026-06-21T11:30:00+05:30] INFO [pipeline.telemetry] worker_id=celery_worker_0 job_id=job_uuid_1216 action=Arnim-Zola_telemetry_sweep metric_val=324.0
[2026-06-21T11:30:00+05:30] INFO [pipeline.telemetry] worker_id=celery_worker_1 job_id=job_uuid_1217 action=Arnim-Zola_telemetry_sweep metric_val=325.5
[2026-06-21T11:30:00+05:30] INFO [pipeline.telemetry] worker_id=celery_worker_2 job_id=job_uuid_1218 action=Arnim-Zola_telemetry_sweep metric_val=327.0
[2026-06-21T11:30:00+05:30] INFO [pipeline.telemetry] worker_id=celery_worker_3 job_id=job_uuid_1219 action=Arnim-Zola_telemetry_sweep metric_val=328.5
[2026-06-21T11:30:00+05:30] INFO [pipeline.telemetry] worker_id=celery_worker_0 job_id=job_uuid_1220 action=Arnim-Zola_telemetry_sweep metric_val=330.0
[2026-06-21T11:30:00+05:30] INFO [pipeline.telemetry] worker_id=celery_worker_1 job_id=job_uuid_1221 action=Arnim-Zola_telemetry_sweep metric_val=331.5
[2026-06-21T11:30:00+05:30] INFO [pipeline.telemetry] worker_id=celery_worker_2 job_id=job_uuid_1222 action=Arnim-Zola_telemetry_sweep metric_val=333.0
[2026-06-21T11:30:00+05:30] INFO [pipeline.telemetry] worker_id=celery_worker_3 job_id=job_uuid_1223 action=Arnim-Zola_telemetry_sweep metric_val=334.5
[2026-06-21T11:30:00+05:30] INFO [pipeline.telemetry] worker_id=celery_worker_0 job_id=job_uuid_1224 action=Arnim-Zola_telemetry_sweep metric_val=336.0
[2026-06-21T11:30:00+05:30] INFO [pipeline.telemetry] worker_id=celery_worker_1 job_id=job_uuid_1225 action=Arnim-Zola_telemetry_sweep metric_val=337.5
[2026-06-21T11:30:00+05:30] INFO [pipeline.telemetry] worker_id=celery_worker_2 job_id=job_uuid_1226 action=Arnim-Zola_telemetry_sweep metric_val=339.0
[2026-06-21T11:30:00+05:30] INFO [pipeline.telemetry] worker_id=celery_worker_3 job_id=job_uuid_1227 action=Arnim-Zola_telemetry_sweep metric_val=340.5
[2026-06-21T11:30:00+05:30] INFO [pipeline.telemetry] worker_id=celery_worker_0 job_id=job_uuid_1228 action=Arnim-Zola_telemetry_sweep metric_val=342.0
[2026-06-21T11:30:00+05:30] INFO [pipeline.telemetry] worker_id=celery_worker_1 job_id=job_uuid_1229 action=Arnim-Zola_telemetry_sweep metric_val=343.5
[2026-06-21T11:30:00+05:30] INFO [pipeline.telemetry] worker_id=celery_worker_2 job_id=job_uuid_1230 action=Arnim-Zola_telemetry_sweep metric_val=345.0
[2026-06-21T11:30:00+05:30] INFO [pipeline.telemetry] worker_id=celery_worker_3 job_id=job_uuid_1231 action=Arnim-Zola_telemetry_sweep metric_val=346.5
[2026-06-21T11:30:00+05:30] INFO [pipeline.telemetry] worker_id=celery_worker_0 job_id=job_uuid_1232 action=Arnim-Zola_telemetry_sweep metric_val=348.0
[2026-06-21T11:30:00+05:30] INFO [pipeline.telemetry] worker_id=celery_worker_1 job_id=job_uuid_1233 action=Arnim-Zola_telemetry_sweep metric_val=349.5
[2026-06-21T11:30:00+05:30] INFO [pipeline.telemetry] worker_id=celery_worker_2 job_id=job_uuid_1234 action=Arnim-Zola_telemetry_sweep metric_val=351.0
[2026-06-21T11:30:00+05:30] INFO [pipeline.telemetry] worker_id=celery_worker_3 job_id=job_uuid_1235 action=Arnim-Zola_telemetry_sweep metric_val=352.5
[2026-06-21T11:30:00+05:30] INFO [pipeline.telemetry] worker_id=celery_worker_0 job_id=job_uuid_1236 action=Arnim-Zola_telemetry_sweep metric_val=354.0
[2026-06-21T11:30:00+05:30] INFO [pipeline.telemetry] worker_id=celery_worker_1 job_id=job_uuid_1237 action=Arnim-Zola_telemetry_sweep metric_val=355.5
[2026-06-21T11:30:00+05:30] INFO [pipeline.telemetry] worker_id=celery_worker_2 job_id=job_uuid_1238 action=Arnim-Zola_telemetry_sweep metric_val=357.0
[2026-06-21T11:30:00+05:30] INFO [pipeline.telemetry] worker_id=celery_worker_3 job_id=job_uuid_1239 action=Arnim-Zola_telemetry_sweep metric_val=358.5
[2026-06-21T11:30:00+05:30] INFO [pipeline.telemetry] worker_id=celery_worker_0 job_id=job_uuid_1240 action=Arnim-Zola_telemetry_sweep metric_val=360.0
[2026-06-21T11:30:00+05:30] INFO [pipeline.telemetry] worker_id=celery_worker_1 job_id=job_uuid_1241 action=Arnim-Zola_telemetry_sweep metric_val=361.5
[2026-06-21T11:30:00+05:30] INFO [pipeline.telemetry] worker_id=celery_worker_2 job_id=job_uuid_1242 action=Arnim-Zola_telemetry_sweep metric_val=363.0
[2026-06-21T11:30:00+05:30] INFO [pipeline.telemetry] worker_id=celery_worker_3 job_id=job_uuid_1243 action=Arnim-Zola_telemetry_sweep metric_val=364.5
[2026-06-21T11:30:00+05:30] INFO [pipeline.telemetry] worker_id=celery_worker_0 job_id=job_uuid_1244 action=Arnim-Zola_telemetry_sweep metric_val=366.0
[2026-06-21T11:30:00+05:30] INFO [pipeline.telemetry] worker_id=celery_worker_1 job_id=job_uuid_1245 action=Arnim-Zola_telemetry_sweep metric_val=367.5
[2026-06-21T11:30:00+05:30] INFO [pipeline.telemetry] worker_id=celery_worker_2 job_id=job_uuid_1246 action=Arnim-Zola_telemetry_sweep metric_val=369.0
[2026-06-21T11:30:00+05:30] INFO [pipeline.telemetry] worker_id=celery_worker_3 job_id=job_uuid_1247 action=Arnim-Zola_telemetry_sweep metric_val=370.5
[2026-06-21T11:30:00+05:30] INFO [pipeline.telemetry] worker_id=celery_worker_0 job_id=job_uuid_1248 action=Arnim-Zola_telemetry_sweep metric_val=372.0
[2026-06-21T11:30:00+05:30] INFO [pipeline.telemetry] worker_id=celery_worker_1 job_id=job_uuid_1249 action=Arnim-Zola_telemetry_sweep metric_val=373.5
[2026-06-21T11:30:00+05:30] INFO [pipeline.telemetry] worker_id=celery_worker_2 job_id=job_uuid_1250 action=Arnim-Zola_telemetry_sweep metric_val=375.0
[2026-06-21T11:30:00+05:30] INFO [pipeline.telemetry] worker_id=celery_worker_3 job_id=job_uuid_1251 action=Arnim-Zola_telemetry_sweep metric_val=376.5
[2026-06-21T11:30:00+05:30] INFO [pipeline.telemetry] worker_id=celery_worker_0 job_id=job_uuid_1252 action=Arnim-Zola_telemetry_sweep metric_val=378.0
[2026-06-21T11:30:00+05:30] INFO [pipeline.telemetry] worker_id=celery_worker_1 job_id=job_uuid_1253 action=Arnim-Zola_telemetry_sweep metric_val=379.5
[2026-06-21T11:30:00+05:30] INFO [pipeline.telemetry] worker_id=celery_worker_2 job_id=job_uuid_1254 action=Arnim-Zola_telemetry_sweep metric_val=381.0
[2026-06-21T11:30:00+05:30] INFO [pipeline.telemetry] worker_id=celery_worker_3 job_id=job_uuid_1255 action=Arnim-Zola_telemetry_sweep metric_val=382.5
[2026-06-21T11:30:00+05:30] INFO [pipeline.telemetry] worker_id=celery_worker_0 job_id=job_uuid_1256 action=Arnim-Zola_telemetry_sweep metric_val=384.0
[2026-06-21T11:30:00+05:30] INFO [pipeline.telemetry] worker_id=celery_worker_1 job_id=job_uuid_1257 action=Arnim-Zola_telemetry_sweep metric_val=385.5
[2026-06-21T11:30:00+05:30] INFO [pipeline.telemetry] worker_id=celery_worker_2 job_id=job_uuid_1258 action=Arnim-Zola_telemetry_sweep metric_val=387.0
[2026-06-21T11:30:00+05:30] INFO [pipeline.telemetry] worker_id=celery_worker_3 job_id=job_uuid_1259 action=Arnim-Zola_telemetry_sweep metric_val=388.5
[2026-06-21T11:30:00+05:30] INFO [pipeline.telemetry] worker_id=celery_worker_0 job_id=job_uuid_1260 action=Arnim-Zola_telemetry_sweep metric_val=390.0
[2026-06-21T11:30:00+05:30] INFO [pipeline.telemetry] worker_id=celery_worker_1 job_id=job_uuid_1261 action=Arnim-Zola_telemetry_sweep metric_val=391.5
[2026-06-21T11:30:00+05:30] INFO [pipeline.telemetry] worker_id=celery_worker_2 job_id=job_uuid_1262 action=Arnim-Zola_telemetry_sweep metric_val=393.0
[2026-06-21T11:30:00+05:30] INFO [pipeline.telemetry] worker_id=celery_worker_3 job_id=job_uuid_1263 action=Arnim-Zola_telemetry_sweep metric_val=394.5
[2026-06-21T11:30:00+05:30] INFO [pipeline.telemetry] worker_id=celery_worker_0 job_id=job_uuid_1264 action=Arnim-Zola_telemetry_sweep metric_val=396.0
[2026-06-21T11:30:00+05:30] INFO [pipeline.telemetry] worker_id=celery_worker_1 job_id=job_uuid_1265 action=Arnim-Zola_telemetry_sweep metric_val=397.5
[2026-06-21T11:30:00+05:30] INFO [pipeline.telemetry] worker_id=celery_worker_2 job_id=job_uuid_1266 action=Arnim-Zola_telemetry_sweep metric_val=399.0
[2026-06-21T11:30:00+05:30] INFO [pipeline.telemetry] worker_id=celery_worker_3 job_id=job_uuid_1267 action=Arnim-Zola_telemetry_sweep metric_val=400.5
[2026-06-21T11:30:00+05:30] INFO [pipeline.telemetry] worker_id=celery_worker_0 job_id=job_uuid_1268 action=Arnim-Zola_telemetry_sweep metric_val=402.0
[2026-06-21T11:30:00+05:30] INFO [pipeline.telemetry] worker_id=celery_worker_1 job_id=job_uuid_1269 action=Arnim-Zola_telemetry_sweep metric_val=403.5
[2026-06-21T11:30:00+05:30] INFO [pipeline.telemetry] worker_id=celery_worker_2 job_id=job_uuid_1270 action=Arnim-Zola_telemetry_sweep metric_val=405.0
[2026-06-21T11:30:00+05:30] INFO [pipeline.telemetry] worker_id=celery_worker_3 job_id=job_uuid_1271 action=Arnim-Zola_telemetry_sweep metric_val=406.5
[2026-06-21T11:30:00+05:30] INFO [pipeline.telemetry] worker_id=celery_worker_0 job_id=job_uuid_1272 action=Arnim-Zola_telemetry_sweep metric_val=408.0
[2026-06-21T11:30:00+05:30] INFO [pipeline.telemetry] worker_id=celery_worker_1 job_id=job_uuid_1273 action=Arnim-Zola_telemetry_sweep metric_val=409.5
[2026-06-21T11:30:00+05:30] INFO [pipeline.telemetry] worker_id=celery_worker_2 job_id=job_uuid_1274 action=Arnim-Zola_telemetry_sweep metric_val=411.0
[2026-06-21T11:30:00+05:30] INFO [pipeline.telemetry] worker_id=celery_worker_3 job_id=job_uuid_1275 action=Arnim-Zola_telemetry_sweep metric_val=412.5
[2026-06-21T11:30:00+05:30] INFO [pipeline.telemetry] worker_id=celery_worker_0 job_id=job_uuid_1276 action=Arnim-Zola_telemetry_sweep metric_val=414.0
[2026-06-21T11:30:00+05:30] INFO [pipeline.telemetry] worker_id=celery_worker_1 job_id=job_uuid_1277 action=Arnim-Zola_telemetry_sweep metric_val=415.5
[2026-06-21T11:30:00+05:30] INFO [pipeline.telemetry] worker_id=celery_worker_2 job_id=job_uuid_1278 action=Arnim-Zola_telemetry_sweep metric_val=417.0
[2026-06-21T11:30:00+05:30] INFO [pipeline.telemetry] worker_id=celery_worker_3 job_id=job_uuid_1279 action=Arnim-Zola_telemetry_sweep metric_val=418.5
[2026-06-21T11:30:00+05:30] INFO [pipeline.telemetry] worker_id=celery_worker_0 job_id=job_uuid_1280 action=Arnim-Zola_telemetry_sweep metric_val=420.0
[2026-06-21T11:30:00+05:30] INFO [pipeline.telemetry] worker_id=celery_worker_1 job_id=job_uuid_1281 action=Arnim-Zola_telemetry_sweep metric_val=421.5
[2026-06-21T11:30:00+05:30] INFO [pipeline.telemetry] worker_id=celery_worker_2 job_id=job_uuid_1282 action=Arnim-Zola_telemetry_sweep metric_val=423.0
[2026-06-21T11:30:00+05:30] INFO [pipeline.telemetry] worker_id=celery_worker_3 job_id=job_uuid_1283 action=Arnim-Zola_telemetry_sweep metric_val=424.5
[2026-06-21T11:30:00+05:30] INFO [pipeline.telemetry] worker_id=celery_worker_0 job_id=job_uuid_1284 action=Arnim-Zola_telemetry_sweep metric_val=426.0
[2026-06-21T11:30:00+05:30] INFO [pipeline.telemetry] worker_id=celery_worker_1 job_id=job_uuid_1285 action=Arnim-Zola_telemetry_sweep metric_val=427.5
[2026-06-21T11:30:00+05:30] INFO [pipeline.telemetry] worker_id=celery_worker_2 job_id=job_uuid_1286 action=Arnim-Zola_telemetry_sweep metric_val=429.0
[2026-06-21T11:30:00+05:30] INFO [pipeline.telemetry] worker_id=celery_worker_3 job_id=job_uuid_1287 action=Arnim-Zola_telemetry_sweep metric_val=430.5
[2026-06-21T11:30:00+05:30] INFO [pipeline.telemetry] worker_id=celery_worker_0 job_id=job_uuid_1288 action=Arnim-Zola_telemetry_sweep metric_val=432.0
[2026-06-21T11:30:00+05:30] INFO [pipeline.telemetry] worker_id=celery_worker_1 job_id=job_uuid_1289 action=Arnim-Zola_telemetry_sweep metric_val=433.5
[2026-06-21T11:30:00+05:30] INFO [pipeline.telemetry] worker_id=celery_worker_2 job_id=job_uuid_1290 action=Arnim-Zola_telemetry_sweep metric_val=435.0
[2026-06-21T11:30:00+05:30] INFO [pipeline.telemetry] worker_id=celery_worker_3 job_id=job_uuid_1291 action=Arnim-Zola_telemetry_sweep metric_val=436.5
[2026-06-21T11:30:00+05:30] INFO [pipeline.telemetry] worker_id=celery_worker_0 job_id=job_uuid_1292 action=Arnim-Zola_telemetry_sweep metric_val=438.0
[2026-06-21T11:30:00+05:30] INFO [pipeline.telemetry] worker_id=celery_worker_1 job_id=job_uuid_1293 action=Arnim-Zola_telemetry_sweep metric_val=439.5
[2026-06-21T11:30:00+05:30] INFO [pipeline.telemetry] worker_id=celery_worker_2 job_id=job_uuid_1294 action=Arnim-Zola_telemetry_sweep metric_val=441.0
[2026-06-21T11:30:00+05:30] INFO [pipeline.telemetry] worker_id=celery_worker_3 job_id=job_uuid_1295 action=Arnim-Zola_telemetry_sweep metric_val=442.5
[2026-06-21T11:30:00+05:30] INFO [pipeline.telemetry] worker_id=celery_worker_0 job_id=job_uuid_1296 action=Arnim-Zola_telemetry_sweep metric_val=444.0
[2026-06-21T11:30:00+05:30] INFO [pipeline.telemetry] worker_id=celery_worker_1 job_id=job_uuid_1297 action=Arnim-Zola_telemetry_sweep metric_val=445.5
[2026-06-21T11:30:00+05:30] INFO [pipeline.telemetry] worker_id=celery_worker_2 job_id=job_uuid_1298 action=Arnim-Zola_telemetry_sweep metric_val=447.0
[2026-06-21T11:30:00+05:30] INFO [pipeline.telemetry] worker_id=celery_worker_3 job_id=job_uuid_1299 action=Arnim-Zola_telemetry_sweep metric_val=448.5
[2026-06-21T11:30:00+05:30] INFO [pipeline.telemetry] worker_id=celery_worker_0 job_id=job_uuid_1300 action=Arnim-Zola_telemetry_sweep metric_val=450.0
[2026-06-21T11:30:00+05:30] INFO [pipeline.telemetry] worker_id=celery_worker_1 job_id=job_uuid_1301 action=Arnim-Zola_telemetry_sweep metric_val=451.5
[2026-06-21T11:30:00+05:30] INFO [pipeline.telemetry] worker_id=celery_worker_2 job_id=job_uuid_1302 action=Arnim-Zola_telemetry_sweep metric_val=453.0
[2026-06-21T11:30:00+05:30] INFO [pipeline.telemetry] worker_id=celery_worker_3 job_id=job_uuid_1303 action=Arnim-Zola_telemetry_sweep metric_val=454.5
[2026-06-21T11:30:00+05:30] INFO [pipeline.telemetry] worker_id=celery_worker_0 job_id=job_uuid_1304 action=Arnim-Zola_telemetry_sweep metric_val=456.0
[2026-06-21T11:30:00+05:30] INFO [pipeline.telemetry] worker_id=celery_worker_1 job_id=job_uuid_1305 action=Arnim-Zola_telemetry_sweep metric_val=457.5
[2026-06-21T11:30:00+05:30] INFO [pipeline.telemetry] worker_id=celery_worker_2 job_id=job_uuid_1306 action=Arnim-Zola_telemetry_sweep metric_val=459.0
[2026-06-21T11:30:00+05:30] INFO [pipeline.telemetry] worker_id=celery_worker_3 job_id=job_uuid_1307 action=Arnim-Zola_telemetry_sweep metric_val=460.5
[2026-06-21T11:30:00+05:30] INFO [pipeline.telemetry] worker_id=celery_worker_0 job_id=job_uuid_1308 action=Arnim-Zola_telemetry_sweep metric_val=462.0
[2026-06-21T11:30:00+05:30] INFO [pipeline.telemetry] worker_id=celery_worker_1 job_id=job_uuid_1309 action=Arnim-Zola_telemetry_sweep metric_val=463.5
[2026-06-21T11:30:00+05:30] INFO [pipeline.telemetry] worker_id=celery_worker_2 job_id=job_uuid_1310 action=Arnim-Zola_telemetry_sweep metric_val=465.0
[2026-06-21T11:30:00+05:30] INFO [pipeline.telemetry] worker_id=celery_worker_3 job_id=job_uuid_1311 action=Arnim-Zola_telemetry_sweep metric_val=466.5
[2026-06-21T11:30:00+05:30] INFO [pipeline.telemetry] worker_id=celery_worker_0 job_id=job_uuid_1312 action=Arnim-Zola_telemetry_sweep metric_val=468.0
[2026-06-21T11:30:00+05:30] INFO [pipeline.telemetry] worker_id=celery_worker_1 job_id=job_uuid_1313 action=Arnim-Zola_telemetry_sweep metric_val=469.5
[2026-06-21T11:30:00+05:30] INFO [pipeline.telemetry] worker_id=celery_worker_2 job_id=job_uuid_1314 action=Arnim-Zola_telemetry_sweep metric_val=471.0
[2026-06-21T11:30:00+05:30] INFO [pipeline.telemetry] worker_id=celery_worker_3 job_id=job_uuid_1315 action=Arnim-Zola_telemetry_sweep metric_val=472.5
[2026-06-21T11:30:00+05:30] INFO [pipeline.telemetry] worker_id=celery_worker_0 job_id=job_uuid_1316 action=Arnim-Zola_telemetry_sweep metric_val=474.0
[2026-06-21T11:30:00+05:30] INFO [pipeline.telemetry] worker_id=celery_worker_1 job_id=job_uuid_1317 action=Arnim-Zola_telemetry_sweep metric_val=475.5
[2026-06-21T11:30:00+05:30] INFO [pipeline.telemetry] worker_id=celery_worker_2 job_id=job_uuid_1318 action=Arnim-Zola_telemetry_sweep metric_val=477.0
[2026-06-21T11:30:00+05:30] INFO [pipeline.telemetry] worker_id=celery_worker_3 job_id=job_uuid_1319 action=Arnim-Zola_telemetry_sweep metric_val=478.5
[2026-06-21T11:30:00+05:30] INFO [pipeline.telemetry] worker_id=celery_worker_0 job_id=job_uuid_1320 action=Arnim-Zola_telemetry_sweep metric_val=480.0
[2026-06-21T11:30:00+05:30] INFO [pipeline.telemetry] worker_id=celery_worker_1 job_id=job_uuid_1321 action=Arnim-Zola_telemetry_sweep metric_val=481.5
[2026-06-21T11:30:00+05:30] INFO [pipeline.telemetry] worker_id=celery_worker_2 job_id=job_uuid_1322 action=Arnim-Zola_telemetry_sweep metric_val=483.0
[2026-06-21T11:30:00+05:30] INFO [pipeline.telemetry] worker_id=celery_worker_3 job_id=job_uuid_1323 action=Arnim-Zola_telemetry_sweep metric_val=484.5
[2026-06-21T11:30:00+05:30] INFO [pipeline.telemetry] worker_id=celery_worker_0 job_id=job_uuid_1324 action=Arnim-Zola_telemetry_sweep metric_val=486.0
[2026-06-21T11:30:00+05:30] INFO [pipeline.telemetry] worker_id=celery_worker_1 job_id=job_uuid_1325 action=Arnim-Zola_telemetry_sweep metric_val=487.5
[2026-06-21T11:30:00+05:30] INFO [pipeline.telemetry] worker_id=celery_worker_2 job_id=job_uuid_1326 action=Arnim-Zola_telemetry_sweep metric_val=489.0
[2026-06-21T11:30:00+05:30] INFO [pipeline.telemetry] worker_id=celery_worker_3 job_id=job_uuid_1327 action=Arnim-Zola_telemetry_sweep metric_val=490.5
[2026-06-21T11:30:00+05:30] INFO [pipeline.telemetry] worker_id=celery_worker_0 job_id=job_uuid_1328 action=Arnim-Zola_telemetry_sweep metric_val=492.0
[2026-06-21T11:30:00+05:30] INFO [pipeline.telemetry] worker_id=celery_worker_1 job_id=job_uuid_1329 action=Arnim-Zola_telemetry_sweep metric_val=493.5
[2026-06-21T11:30:00+05:30] INFO [pipeline.telemetry] worker_id=celery_worker_2 job_id=job_uuid_1330 action=Arnim-Zola_telemetry_sweep metric_val=495.0
[2026-06-21T11:30:00+05:30] INFO [pipeline.telemetry] worker_id=celery_worker_3 job_id=job_uuid_1331 action=Arnim-Zola_telemetry_sweep metric_val=496.5
[2026-06-21T11:30:00+05:30] INFO [pipeline.telemetry] worker_id=celery_worker_0 job_id=job_uuid_1332 action=Arnim-Zola_telemetry_sweep metric_val=498.0
[2026-06-21T11:30:00+05:30] INFO [pipeline.telemetry] worker_id=celery_worker_1 job_id=job_uuid_1333 action=Arnim-Zola_telemetry_sweep metric_val=499.5
[2026-06-21T11:30:00+05:30] INFO [pipeline.telemetry] worker_id=celery_worker_2 job_id=job_uuid_1334 action=Arnim-Zola_telemetry_sweep metric_val=501.0
[2026-06-21T11:30:00+05:30] INFO [pipeline.telemetry] worker_id=celery_worker_3 job_id=job_uuid_1335 action=Arnim-Zola_telemetry_sweep metric_val=502.5
[2026-06-21T11:30:00+05:30] INFO [pipeline.telemetry] worker_id=celery_worker_0 job_id=job_uuid_1336 action=Arnim-Zola_telemetry_sweep metric_val=504.0
[2026-06-21T11:30:00+05:30] INFO [pipeline.telemetry] worker_id=celery_worker_1 job_id=job_uuid_1337 action=Arnim-Zola_telemetry_sweep metric_val=505.5
[2026-06-21T11:30:00+05:30] INFO [pipeline.telemetry] worker_id=celery_worker_2 job_id=job_uuid_1338 action=Arnim-Zola_telemetry_sweep metric_val=507.0
[2026-06-21T11:30:00+05:30] INFO [pipeline.telemetry] worker_id=celery_worker_3 job_id=job_uuid_1339 action=Arnim-Zola_telemetry_sweep metric_val=508.5
[2026-06-21T11:30:00+05:30] INFO [pipeline.telemetry] worker_id=celery_worker_0 job_id=job_uuid_1340 action=Arnim-Zola_telemetry_sweep metric_val=510.0
[2026-06-21T11:30:00+05:30] INFO [pipeline.telemetry] worker_id=celery_worker_1 job_id=job_uuid_1341 action=Arnim-Zola_telemetry_sweep metric_val=511.5
[2026-06-21T11:30:00+05:30] INFO [pipeline.telemetry] worker_id=celery_worker_2 job_id=job_uuid_1342 action=Arnim-Zola_telemetry_sweep metric_val=513.0
[2026-06-21T11:30:00+05:30] INFO [pipeline.telemetry] worker_id=celery_worker_3 job_id=job_uuid_1343 action=Arnim-Zola_telemetry_sweep metric_val=514.5
[2026-06-21T11:30:00+05:30] INFO [pipeline.telemetry] worker_id=celery_worker_0 job_id=job_uuid_1344 action=Arnim-Zola_telemetry_sweep metric_val=516.0
